<html>
<head>
<title>TestNG:  Default test</title>
<link href="../testng.css" rel="stylesheet" type="text/css" />
<link href="../my-testng.css" rel="stylesheet" type="text/css" />

<style type="text/css">
.log { display: none;} 
.stack-trace { display: none;} 
</style>
<script type="text/javascript">
<!--
function flip(e) {
  current = e.style.display;
  if (current == 'block') {
    e.style.display = 'none';
    return 0;
  }
  else {
    e.style.display = 'block';
    return 1;
  }
}

function toggleBox(szDivId, elem, msg1, msg2)
{
  var res = -1;  if (document.getElementById) {
    res = flip(document.getElementById(szDivId));
  }
  else if (document.all) {
    // this is the way old msie versions work
    res = flip(document.all[szDivId]);
  }
  if(elem) {
    if(res == 0) elem.innerHTML = msg1; else elem.innerHTML = msg2;
  }

}

function toggleAllBoxes() {
  if (document.getElementsByTagName) {
    d = document.getElementsByTagName('div');
    for (i = 0; i < d.length; i++) {
      if (d[i].className == 'log') {
        flip(d[i]);
      }
    }
  }
}

// -->
</script>

</head>
<body>
<h2 align='center'>Default test</h2><table border='1' align="center">
<tr>
<td>Tests passed/Failed/Skipped:</td><td>0/2/0</td>
</tr><tr>
<td>Started on:</td><td>Sun Mar 31 13:41:24 IST 2024</td>
</tr>
<tr><td>Total time:</td><td>97 seconds (97300 ms)</td>
</tr><tr>
<td>Included groups:</td><td></td>
</tr><tr>
<td>Excluded groups:</td><td></td>
</tr>
</table><p/>
<small><i>(Hover the method name to see the test class name)</i></small><p/>
<table width='100%' border='1' class='invocation-failed'>
<tr><td colspan='4' align='center'><b>FAILED TESTS</b></td></tr>
<tr><td><b>Test method</b></td>
<td width="30%"><b>Exception</b></td>
<td width="10%"><b>Time (seconds)</b></td>
<td><b>Instance</b></td>
</tr>
<tr>
<td title='ParatusSystems.TestRunner.runScenario()'><b>runScenario</b><br>Test class: ParatusSystems.TestRunner<br>Test method: Runs Cucumber Scenarios<br>Parameters: "write test Step on Compose Gmail", "Write the test cases in Gmail"</td>
<td><div><pre>java.lang.NullPointerException: Cannot invoke &quot;org.openqa.selenium.remote.RemoteWebDriver.manage()&quot; because &quot;com.stepdefinitions.CustomeHooks.driver&quot; is null
	at com.stepdefinitions.CustomeHooks.implicitlyWait(CustomeHooks.java:30)
	at com.stepdefinitions.GmailTestCases.enterUserId(GmailTestCases.java:32)
	at ✽.Enter User Email ID(file:src/test/resources/Features/Gmail.feature:7)
</pre></div><a href='#' onClick='toggleBox("stack-trace834153999", this, "Click to show all stack frames", "Click to hide stack frames")'>Click to show all stack frames</a>
<div class='stack-trace' id='stack-trace834153999'><pre>java.lang.NullPointerException: Cannot invoke &quot;org.openqa.selenium.remote.RemoteWebDriver.manage()&quot; because &quot;com.stepdefinitions.CustomeHooks.driver&quot; is null
	at com.stepdefinitions.CustomeHooks.implicitlyWait(CustomeHooks.java:30)
	at com.stepdefinitions.GmailTestCases.enterUserId(GmailTestCases.java:32)
	at ✽.Enter User Email ID(file:src/test/resources/Features/Gmail.feature:7)
</pre></div></td>
<td>69</td>
<td>ParatusSystems.TestRunner@83298d7</td></tr>
<tr>
<td title='ParatusSystems.TestRunner.runScenario()'><b>runScenario</b><br>Test class: ParatusSystems.TestRunner<br>Test method: Runs Cucumber Scenarios<br>Parameters: "Enter details in mail", "Write the test cases in Gmail"</td>
<td><div><pre>java.lang.NullPointerException: Cannot invoke &quot;org.openqa.selenium.WebElement.click()&quot; because &quot;this.clickOnCompose&quot; is null
	at com.pageobject.HomePage.clickOnComposeButton(HomePage.java:52)
	at com.stepdefinitions.GmailTestCases.loginAmazonAccount(GmailTestCases.java:48)
	at ✽.Click on Compose(file:src/test/resources/Features/Gmail.feature:14)
</pre></div><a href='#' onClick='toggleBox("stack-trace722764585", this, "Click to show all stack frames", "Click to hide stack frames")'>Click to show all stack frames</a>
<div class='stack-trace' id='stack-trace722764585'><pre>java.lang.NullPointerException: Cannot invoke &quot;org.openqa.selenium.WebElement.click()&quot; because &quot;this.clickOnCompose&quot; is null
	at com.pageobject.HomePage.clickOnComposeButton(HomePage.java:52)
	at com.stepdefinitions.GmailTestCases.loginAmazonAccount(GmailTestCases.java:48)
	at ✽.Click on Compose(file:src/test/resources/Features/Gmail.feature:14)
</pre></div></td>
<td>25</td>
<td>ParatusSystems.TestRunner@83298d7</td></tr>
</table><p>
</body>
</html>